#
# There is insufficient memory for the Java Runtime Environment to continue.
# Native memory allocation (malloc) failed to allocate 32744 bytes for ChunkPool::allocate
# Possible reasons:
#   The system is out of physical RAM or swap space
#   In 32 bit mode, the process size limit was hit
# Possible solutions:
#   Reduce memory load on the system
#   Increase physical memory or swap space
#   Check if swap backing store is full
#   Use 64 bit Java on a 64 bit OS
#   Decrease Java heap size (-Xmx/-Xms)
#   Decrease number of Java threads
#   Decrease Java thread stack sizes (-Xss)
#   Set larger code cache with -XX:ReservedCodeCacheSize=
# This output file may be truncated or incomplete.
#
#  Out of Memory Error (allocation.cpp:273), pid=5924, tid=0x0000000000002a94
#
# JRE version: Java(TM) SE Runtime Environment (8.0_102-b14) (build 1.8.0_102-b14)
# Java VM: Java HotSpot(TM) 64-Bit Server VM (25.102-b14 mixed mode windows-amd64 compressed oops)
# Failed to write core dump. Minidumps are not enabled by default on client versions of Windows
#

---------------  T H R E A D  ---------------

Current thread (0x0000000014dca800):  JavaThread "C1 CompilerThread2" daemon [_thread_in_native, id=10900, stack(0x00000000165b0000,0x00000000166b0000)]

Stack: [0x00000000165b0000,0x00000000166b0000]
[error occurred during error reporting (printing stack bounds), id 0xc0000005]

Native frames: (J=compiled Java code, j=interpreted, Vv=VM code, C=native code)


Current CompileTask:
C1:   1264  567   !   3       com.android.dx.cf.code.BytecodeArray::parseInstruction (2764 bytes)


---------------  P R O C E S S  ---------------

Java Threads: ( => current thread )
  0x0000000016943000 JavaThread "pool-2-thread-4" [_thread_new, id=8504, stack(0x0000000000000000,0x0000000000000000)]
  0x0000000016941000 JavaThread "pool-2-thread-3" [_thread_in_Java, id=8696, stack(0x00000000170f0000,0x00000000171f0000)]
  0x000000001693e000 JavaThread "pool-2-thread-2" [_thread_in_Java, id=4008, stack(0x0000000016ff0000,0x00000000170f0000)]
  0x000000001693b800 JavaThread "pool-3-thread-1" [_thread_blocked, id=5600, stack(0x0000000016ef0000,0x0000000016ff0000)]
  0x000000001691b000 JavaThread "pool-2-thread-1" [_thread_blocked, id=7840, stack(0x0000000016df0000,0x0000000016ef0000)]
  0x00000000166b3000 JavaThread "Service Thread" daemon [_thread_blocked, id=9872, stack(0x0000000016ab0000,0x0000000016bb0000)]
=>0x0000000014dca800 JavaThread "C1 CompilerThread2" daemon [_thread_in_native, id=10900, stack(0x00000000165b0000,0x00000000166b0000)]
  0x0000000014dc8000 JavaThread "C2 CompilerThread1" daemon [_thread_blocked, id=2580, stack(0x00000000164b0000,0x00000000165b0000)]
  0x0000000014d6b800 JavaThread "C2 CompilerThread0" daemon [_thread_blocked, id=852, stack(0x00000000163b0000,0x00000000164b0000)]
  0x0000000014d69800 JavaThread "Attach Listener" daemon [_thread_blocked, id=4060, stack(0x00000000162b0000,0x00000000163b0000)]
  0x0000000014d68800 JavaThread "Signal Dispatcher" daemon [_thread_blocked, id=5972, stack(0x00000000161b0000,0x00000000162b0000)]
  0x0000000014d5a000 JavaThread "Finalizer" daemon [_thread_blocked, id=5936, stack(0x0000000015fc0000,0x00000000160c0000)]
  0x0000000014d39000 JavaThread "Reference Handler" daemon [_thread_blocked, id=1012, stack(0x0000000015ec0000,0x0000000015fc0000)]
  0x00000000025a0800 JavaThread "main" [_thread_in_Java, id=7816, stack(0x00000000024a0000,0x00000000025a0000)]

Other Threads:
  0x0000000014d37000 VMThread [stack: 0x0000000015dc0000,0x0000000015ec0000] [id=7616]
  0x00000000166b7000 WatcherThread [stack: 0x0000000016cf0000,0x0000000016df0000] [id=9712]

VM state:not at safepoint (normal execution)

VM Mutex/Monitor currently owned by a thread: None

Heap:
 PSYoungGen      total 37888K, used 15086K [0x00000000eab00000, 0x00000000ed500000, 0x0000000100000000)
  eden space 32768K, 46% used [0x00000000eab00000,0x00000000eb9bbbf0,0x00000000ecb00000)
  from space 5120K, 0% used [0x00000000ed000000,0x00000000ed000000,0x00000000ed500000)
  to   space 5120K, 0% used [0x00000000ecb00000,0x00000000ecb00000,0x00000000ed000000)
 ParOldGen       total 86016K, used 0K [0x00000000c0000000, 0x00000000c5400000, 0x00000000eab00000)
  object space 86016K, 0% used [0x00000000c0000000,0x00000000c0000000,0x00000000c5400000)
 Metaspace       used 5496K, capacity 6448K, committed 6528K, reserved 1056768K
  class space    used 589K, capacity 616K, committed 640K, reserved 1048576K

Card table byte_map: [0x0000000011a60000,0x0000000011c70000] byte_map_base: 0x0000000011460000

Marking Bits: (ParMarkBitMap*) 0x0000000057bda6c0
 Begin Bits: [0x00000000121d0000, 0x00000000131d0000)
 End Bits:   [0x00000000131d0000, 0x00000000141d0000)

Polling page: 0x0000000000790000

CodeCache: size=245760Kb used=2334Kb max_used=2345Kb free=243425Kb
 bounds [0x00000000026a0000, 0x0000000002910000, 0x00000000116a0000]
 total_blobs=837 nmethods=569 adapters=181
 compilation: enabled

Compilation events (10 events):
Event: 1.255 Thread 0x0000000014dca800 nmethod 569 0x00000000028e5310 code [0x00000000028e54c0, 0x00000000028e5c58]
Event: 1.255 Thread 0x0000000014dca800  571       3       java.util.HashMap::getNode (148 bytes)
Event: 1.255 Thread 0x0000000014dca800 nmethod 571 0x00000000028e5f50 code [0x00000000028e6120, 0x00000000028e6ac8]
Event: 1.255 Thread 0x0000000014dca800  565       3       com.android.dx.ssa.NormalSsaInsn::<init> (15 bytes)
Event: 1.256 Thread 0x0000000014dca800 nmethod 565 0x00000000028e6d90 code [0x00000000028e6f20, 0x00000000028e7328]
Event: 1.256 Thread 0x0000000014dca800  572       3       com.android.dx.rop.cst.Constant::compareTo (9 bytes)
Event: 1.256 Thread 0x0000000014dca800 nmethod 572 0x00000000028e74d0 code [0x00000000028e76a0, 0x00000000028e7fb8]
Event: 1.256 Thread 0x0000000014dca800  567   !   3       com.android.dx.cf.code.BytecodeArray::parseInstruction (2764 bytes)
Event: 1.257 Thread 0x0000000014d6b800  582       4       java.util.BitSet::nextSetBit (102 bytes)
Event: 1.259 Thread 0x0000000014d6b800 nmethod 582 0x00000000028eb010 code [0x00000000028eb160, 0x00000000028eb298]

GC Heap History (0 events):
No events

Deoptimization events (1 events):
Event: 1.253 Thread 0x0000000016941000 Uncommon trap: reason=unstable_if action=reinterpret pc=0x00000000028d0490 method=java.util.HashMap.getNode(ILjava/lang/Object;)Ljava/util/HashMap$Node; @ 129

Internal exceptions (3 events):
Event: 0.087 Thread 0x00000000025a0800 Exception <a 'java/lang/NoSuchMethodError': Method sun.misc.Unsafe.defineClass(Ljava/lang/String;[BII)Ljava/lang/Class; name or signature does not match> (0x00000000eab07c78) thrown at [C:\re\workspace\8-2-build-windows-amd64-cygwin\jdk8u102\7268\hotspot\sp≠Ã=\∂?
Event: 0.087 Thread 0x00000000025a0800 Exception <a 'java/lang/NoSuchMethodError': Method sun.misc.Unsafe.prefetchRead(Ljava/lang/Object;J)V name or signature does not match> (0x00000000eab07f60) thrown at [C:\re\workspace\8-2-build-windows-amd64-cygwin\jdk8u102\7268\hotspot\src\share\vm\prims\ùJ-Hòg’?
Event: 0.334 Thread 0x00000000025a0800 Exception <a 'java/io/FileNotFoundException'> (0x00000000eab599d0) thrown at [C:\re\workspace\8-2-build-windows-amd64-cygwin\jdk8u102\7268\hotspot\src\share\vm\prims\jni.cpp, line 709]

Events (10 events):
Event: 1.187 loading class com/android/dx/ssa/back/FirstFitLocalCombiningAllocator$Alignment$2 done
Event: 1.187 loading class com/android/dx/ssa/back/FirstFitLocalCombiningAllocator$Alignment$3
Event: 1.187 loading class com/android/dx/ssa/back/FirstFitLocalCombiningAllocator$Alignment$3 done
Event: 1.202 loading class com/android/dx/dex/file/MethodAnnotationStruct
Event: 1.202 loading class com/android/dx/dex/file/MethodAnnotationStruct done
Event: 1.233 loading class com/android/dx/ssa/PhiInsn$Operand
Event: 1.233 loading class com/android/dx/ssa/PhiInsn$Operand done
Event: 1.253 Thread 0x0000000016941000 Uncommon trap: trap_request=0xffffff65 fr.pc=0x00000000028d0490
Event: 1.253 Thread 0x0000000016941000 DEOPT PACKING pc=0x00000000028d0490 sp=0x00000000171ee890
Event: 1.253 Thread 0x0000000016941000 DEOPT UNPACKING pc=0x00000000026e582a sp=0x00000000171ee818 mode 2


Dynamic libraries:
0x00007ff6f9e70000 - 0x00007ff6f9ea7000 	C:\Program Files\Java\jdk1.8.0_102\bin\java.exe
0x00007ffcc4e60000 - 0x00007ffcc5031000 	C:\WINDOWS\SYSTEM32\ntdll.dll
0x00007ffcc2790000 - 0x00007ffcc283b000 	C:\WINDOWS\System32\KERNEL32.DLL
0x00007ffcc1aa0000 - 0x00007ffcc1cbd000 	C:\WINDOWS\System32\KERNELBASE.dll
0x00007ffcc2870000 - 0x00007ffcc2912000 	C:\WINDOWS\System32\ADVAPI32.dll
0x00007ffcc26f0000 - 0x00007ffcc278e000 	C:\WINDOWS\System32\msvcrt.dll
0x00007ffcc4870000 - 0x00007ffcc48c9000 	C:\WINDOWS\System32\sechost.dll
0x00007ffcc2ed0000 - 0x00007ffcc2ff1000 	C:\WINDOWS\System32\RPCRT4.dll
0x00007ffcc23f0000 - 0x00007ffcc2555000 	C:\WINDOWS\System32\USER32.dll
0x00007ffcc2330000 - 0x00007ffcc234e000 	C:\WINDOWS\System32\win32u.dll
0x00007ffcc4510000 - 0x00007ffcc4544000 	C:\WINDOWS\System32\GDI32.dll
0x00007ffcc2090000 - 0x00007ffcc2212000 	C:\WINDOWS\System32\gdi32full.dll
0x00007ffcb6180000 - 0x00007ffcb63f9000 	C:\WINDOWS\WinSxS\amd64_microsoft.windows.common-controls_6595b64144ccf1df_6.0.14393.447_none_42191651c6827bb3\COMCTL32.dll
0x00007ffcc4970000 - 0x00007ffcc4c38000 	C:\WINDOWS\System32\combase.dll
0x00007ffcc1cc0000 - 0x00007ffcc1db5000 	C:\WINDOWS\System32\ucrtbase.dll
0x00007ffcc1a30000 - 0x00007ffcc1a9a000 	C:\WINDOWS\System32\bcryptPrimitives.dll
0x00007ffcc2840000 - 0x00007ffcc286e000 	C:\WINDOWS\System32\IMM32.DLL
0x0000000057c60000 - 0x0000000057d31000 	C:\Program Files\Java\jdk1.8.0_102\jre\bin\msvcr100.dll
0x00000000573c0000 - 0x0000000057c5a000 	C:\Program Files\Java\jdk1.8.0_102\jre\bin\server\jvm.dll
0x00007ffcc4d80000 - 0x00007ffcc4d88000 	C:\WINDOWS\System32\PSAPI.DLL
0x00007ffcaf8f0000 - 0x00007ffcaf8f9000 	C:\WINDOWS\SYSTEM32\WSOCK32.dll
0x00007ffcc4800000 - 0x00007ffcc486a000 	C:\WINDOWS\System32\WS2_32.dll
0x00007ffcbf6e0000 - 0x00007ffcbf703000 	C:\WINDOWS\SYSTEM32\WINMM.dll
0x00007ffcb1170000 - 0x00007ffcb117a000 	C:\WINDOWS\SYSTEM32\VERSION.dll
0x00007ffcbf680000 - 0x00007ffcbf6ab000 	C:\WINDOWS\SYSTEM32\WINMMBASE.dll
0x00007ffcc2040000 - 0x00007ffcc2082000 	C:\WINDOWS\System32\cfgmgr32.dll
0x00000000573b0000 - 0x00000000573bf000 	C:\Program Files\Java\jdk1.8.0_102\jre\bin\verify.dll
0x0000000057380000 - 0x00000000573a9000 	C:\Program Files\Java\jdk1.8.0_102\jre\bin\java.dll
0x0000000057360000 - 0x0000000057376000 	C:\Program Files\Java\jdk1.8.0_102\jre\bin\zip.dll
0x00007ffcc3000000 - 0x00007ffcc4509000 	C:\WINDOWS\System32\SHELL32.dll
0x00007ffcc1350000 - 0x00007ffcc1a2a000 	C:\WINDOWS\System32\windows.storage.dll
0x00007ffcc12f0000 - 0x00007ffcc133c000 	C:\WINDOWS\System32\powrprof.dll
0x00007ffcc2980000 - 0x00007ffcc29d2000 	C:\WINDOWS\System32\shlwapi.dll
0x00007ffcc1340000 - 0x00007ffcc134f000 	C:\WINDOWS\System32\kernel.appcore.dll
0x00007ffcc1dc0000 - 0x00007ffcc1e69000 	C:\WINDOWS\System32\shcore.dll
0x00007ffcc12c0000 - 0x00007ffcc12d4000 	C:\WINDOWS\System32\profapi.dll

VM Arguments:
jvm_args: -Djava.awt.headless=true -Xmx1024M -Dfile.encoding=windows-1252 -Duser.country=SE -Duser.language=sv -Duser.variant 
java_command: com.android.dx.command.Main --dex --force-jumbo --num-threads=4 --multi-dex --output C:\Users\Thomas\AndroidStudioProjects\Hearinggame\app\build\intermediates\transforms\dex\debug\folders\1000\10\com.google.android.gms-play-services-ads-lite-10.0.1_8609945e3c157d7cf56f71de4ccfd56750c26490 C:\Users\Thomas\AndroidStudioProjects\Hearinggame\app\build\intermediates\exploded-aar\com.google.android.gms\play-services-ads-lite\10.0.1\jars\classes.jar
java_class_path (initial): C:\Users\Thomas\AppData\Local\Android\sdk\build-tools\24.0.2\lib\dx.jar
Launcher Type: SUN_STANDARD

Environment Variables:
PATH=C:\ProgramData\Oracle\Java\javapath;C:\WINDOWS\system32;C:\WINDOWS;C:\WINDOWS\System32\Wbem;C:\WINDOWS\System32\WindowsPowerShell\v1.0\;C:\Program Files (x86)\Common Files\lenovo\easyplussdk\bin;C:\Program Files\Intel\WiFi\bin\;C:\Program Files\Common Files\Intel\WirelessCommon\;C:\Users\Thomas\AppData\Local\Microsoft\WindowsApps;
USERNAME=Thomas
OS=Windows_NT
PROCESSOR_IDENTIFIER=Intel64 Family 6 Model 78 Stepping 3, GenuineIntel



---------------  S Y S T E M  ---------------

OS: Windows 10.0 , 64 bit Build 14393 (10.0.14393.0)

CPU:total 4 (2 cores per cpu, 2 threads per core) family 6 model 78 stepping 3, cmov, cx8, fxsr, mmx, sse, sse2, sse3, ssse3, sse4.1, sse4.2, popcnt, avx, avx2, aes, clmul, erms, 3dnowpref, lzcnt, ht, tsc, tscinvbit, bmi1, bmi2, adx

Memory: 4k page, physical 8245152k(2244712k free), swap 21045532k(3992k free)

vm_info: Java HotSpot(TM) 64-Bit Server VM (25.102-b14) for windows-amd64 JRE (1.8.0_102-b14), built on Jun 22 2016 13:15:21 by "java_re" with MS VC++ 10.0 (VS2010)

time: Wed Dec 28 05:51:15 2016
elapsed time: 1 seconds (0d 0h 0m 1s)

