#
# There is insufficient memory for the Java Runtime Environment to continue.
# Native memory allocation (malloc) failed to allocate 1048576 bytes for AllocateHeap
# Possible reasons:
#   The system is out of physical RAM or swap space
#   In 32 bit mode, the process size limit was hit
# Possible solutions:
#   Reduce memory load on the system
#   Increase physical memory or swap space
#   Check if swap backing store is full
#   Use 64 bit Java on a 64 bit OS
#   Decrease Java heap size (-Xmx/-Xms)
#   Decrease number of Java threads
#   Decrease Java thread stack sizes (-Xss)
#   Set larger code cache with -XX:ReservedCodeCacheSize=
# This output file may be truncated or incomplete.
#
#  Out of Memory Error (memory/allocation.inline.hpp:61), pid=10348, tid=0x00000000000021fc
#
# JRE version:  (8.0_102-b14) (build )
# Java VM: Java HotSpot(TM) 64-Bit Server VM (25.102-b14 mixed mode windows-amd64 compressed oops)
# Failed to write core dump. Minidumps are not enabled by default on client versions of Windows
#

---------------  T H R E A D  ---------------

Current thread (0x0000000002810800):  JavaThread "Unknown thread" [_thread_in_vm, id=8700, stack(0x0000000000e70000,0x0000000000f70000)]

Stack: [0x0000000000e70000,0x0000000000f70000]
[error occurred during error reporting (printing stack bounds), id 0xc0000005]

Native frames: (J=compiled Java code, j=interpreted, Vv=VM code, C=native code)


---------------  P R O C E S S  ---------------

Java Threads: ( => current thread )

Other Threads:

=>0x0000000002810800 (exited) JavaThread "Unknown thread" [_thread_in_vm, id=8700, stack(0x0000000000e70000,0x0000000000f70000)]

VM state:not at safepoint (normal execution)

VM Mutex/Monitor currently owned by a thread: None

Heap:
 PSYoungGen      total 37888K, used 655K [0x00000000eab00000, 0x00000000ed500000, 0x0000000100000000)
  eden space 32768K, 2% used [0x00000000eab00000,0x00000000eaba3d80,0x00000000ecb00000)
  from space 5120K, 0% used [0x00000000ed000000,0x00000000ed000000,0x00000000ed500000)
  to   space 5120K, 0% used [0x00000000ecb00000,0x00000000ecb00000,0x00000000ed000000)
 ParOldGen       total 86016K, used 0K [0x00000000c0000000, 0x00000000c5400000, 0x00000000eab00000)
  object space 86016K, 0% used [0x00000000c0000000,0x00000000c0000000,0x00000000c5400000)
 Metaspace       used 770K, capacity 4480K, committed 4480K, reserved 1056768K
  class space    used 75K, capacity 384K, committed 384K, reserved 1048576K

Card table byte_map: [0x0000000011cd0000,0x0000000011ee0000] byte_map_base: 0x00000000116d0000

Marking Bits: (ParMarkBitMap*) 0x0000000057bda6c0
 Begin Bits: [0x0000000012440000, 0x0000000013440000)
 End Bits:   [0x0000000013440000, 0x0000000014440000)

Polling page: 0x00000000007d0000

CodeCache: size=245760Kb used=328Kb max_used=328Kb free=245431Kb
 bounds [0x0000000002910000, 0x0000000002b80000, 0x0000000011910000]
 total_blobs=58 nmethods=0 adapters=38
 compilation: enabled

Compilation events (0 events):
No events

GC Heap History (0 events):
No events

Deoptimization events (0 events):
No events

Internal exceptions (0 events):
No events

Events (10 events):
Event: 0.117 loading class java/lang/Short
Event: 0.117 loading class java/lang/Short done
Event: 0.117 loading class java/lang/Integer
Event: 0.117 loading class java/lang/Integer done
Event: 0.117 loading class java/lang/Long
Event: 0.117 loading class java/lang/Long done
Event: 0.118 loading class java/lang/NullPointerException
Event: 0.118 loading class java/lang/NullPointerException done
Event: 0.118 loading class java/lang/ArithmeticException
Event: 0.118 loading class java/lang/ArithmeticException done


Dynamic libraries:
0x00007ff6f9e70000 - 0x00007ff6f9ea7000 	C:\Program Files\Java\jdk1.8.0_102\bin\java.exe
0x00007ffcc4e60000 - 0x00007ffcc5031000 	C:\WINDOWS\SYSTEM32\ntdll.dll
0x00007ffcc2790000 - 0x00007ffcc283b000 	C:\WINDOWS\System32\KERNEL32.DLL
0x00007ffcc1aa0000 - 0x00007ffcc1cbd000 	C:\WINDOWS\System32\KERNELBASE.dll
0x00007ffcc2870000 - 0x00007ffcc2912000 	C:\WINDOWS\System32\ADVAPI32.dll
0x00007ffcc26f0000 - 0x00007ffcc278e000 	C:\WINDOWS\System32\msvcrt.dll
0x00007ffcc4870000 - 0x00007ffcc48c9000 	C:\WINDOWS\System32\sechost.dll
0x00007ffcc2ed0000 - 0x00007ffcc2ff1000 	C:\WINDOWS\System32\RPCRT4.dll
0x00007ffcc23f0000 - 0x00007ffcc2555000 	C:\WINDOWS\System32\USER32.dll
0x00007ffcc2330000 - 0x00007ffcc234e000 	C:\WINDOWS\System32\win32u.dll
0x00007ffcc4510000 - 0x00007ffcc4544000 	C:\WINDOWS\System32\GDI32.dll
0x00007ffcc2090000 - 0x00007ffcc2212000 	C:\WINDOWS\System32\gdi32full.dll
0x00007ffcb6180000 - 0x00007ffcb63f9000 	C:\WINDOWS\WinSxS\amd64_microsoft.windows.common-controls_6595b64144ccf1df_6.0.14393.447_none_42191651c6827bb3\COMCTL32.dll
0x00007ffcc4970000 - 0x00007ffcc4c38000 	C:\WINDOWS\System32\combase.dll
0x00007ffcc1cc0000 - 0x00007ffcc1db5000 	C:\WINDOWS\System32\ucrtbase.dll
0x00007ffcc1a30000 - 0x00007ffcc1a9a000 	C:\WINDOWS\System32\bcryptPrimitives.dll
0x00007ffcc2840000 - 0x00007ffcc286e000 	C:\WINDOWS\System32\IMM32.DLL
0x0000000057c60000 - 0x0000000057d31000 	C:\Program Files\Java\jdk1.8.0_102\jre\bin\msvcr100.dll
0x00000000573c0000 - 0x0000000057c5a000 	C:\Program Files\Java\jdk1.8.0_102\jre\bin\server\jvm.dll
0x00007ffcc4d80000 - 0x00007ffcc4d88000 	C:\WINDOWS\System32\PSAPI.DLL
0x00007ffcaf8f0000 - 0x00007ffcaf8f9000 	C:\WINDOWS\SYSTEM32\WSOCK32.dll
0x00007ffcc4800000 - 0x00007ffcc486a000 	C:\WINDOWS\System32\WS2_32.dll
0x00007ffcbf6e0000 - 0x00007ffcbf703000 	C:\WINDOWS\SYSTEM32\WINMM.dll
0x00007ffcb1170000 - 0x00007ffcb117a000 	C:\WINDOWS\SYSTEM32\VERSION.dll
0x00007ffcbf680000 - 0x00007ffcbf6ab000 	C:\WINDOWS\SYSTEM32\WINMMBASE.dll
0x00007ffcc2040000 - 0x00007ffcc2082000 	C:\WINDOWS\System32\cfgmgr32.dll
0x00000000573b0000 - 0x00000000573bf000 	C:\Program Files\Java\jdk1.8.0_102\jre\bin\verify.dll
0x0000000057380000 - 0x00000000573a9000 	C:\Program Files\Java\jdk1.8.0_102\jre\bin\java.dll
0x0000000057360000 - 0x0000000057376000 	C:\Program Files\Java\jdk1.8.0_102\jre\bin\zip.dll

VM Arguments:
jvm_args: -Djava.awt.headless=true -Xmx1024M -Dfile.encoding=windows-1252 -Duser.country=SE -Duser.language=sv -Duser.variant 
java_command: com.android.dx.command.Main --dex --force-jumbo --num-threads=4 --multi-dex --output C:\Users\Thomas\AndroidStudioProjects\Hearinggame\app\build\intermediates\transforms\dex\debug\folders\1000\10\com.android.support-support-core-utils-24.2.1_9d637b7d51d4a8bb650d620702056053562dfda2 C:\Users\Thomas\AndroidStudioProjects\Hearinggame\app\build\intermediates\exploded-aar\com.android.support\support-core-utils\24.2.1\jars\classes.jar
java_class_path (initial): C:\Users\Thomas\AppData\Local\Android\sdk\build-tools\24.0.2\lib\dx.jar
Launcher Type: SUN_STANDARD

Environment Variables:
PATH=C:\ProgramData\Oracle\Java\javapath;C:\WINDOWS\system32;C:\WINDOWS;C:\WINDOWS\System32\Wbem;C:\WINDOWS\System32\WindowsPowerShell\v1.0\;C:\Program Files (x86)\Common Files\lenovo\easyplussdk\bin;C:\Program Files\Intel\WiFi\bin\;C:\Program Files\Common Files\Intel\WirelessCommon\;C:\Users\Thomas\AppData\Local\Microsoft\WindowsApps;
USERNAME=Thomas
OS=Windows_NT
PROCESSOR_IDENTIFIER=Intel64 Family 6 Model 78 Stepping 3, GenuineIntel



---------------  S Y S T E M  ---------------

OS: Windows 10.0 , 64 bit Build 14393 (10.0.14393.0)

CPU:total 4 (2 cores per cpu, 2 threads per core) family 6 model 78 stepping 3, cmov, cx8, fxsr, mmx, sse, sse2, sse3, ssse3, sse4.1, sse4.2, popcnt, avx, avx2, aes, clmul, erms, 3dnowpref, lzcnt, ht, tsc, tscinvbit, bmi1, bmi2, adx

Memory: 4k page, physical 8245152k(1468208k free), swap 21045532k(3376k free)

vm_info: Java HotSpot(TM) 64-Bit Server VM (25.102-b14) for windows-amd64 JRE (1.8.0_102-b14), built on Jun 22 2016 13:15:21 by "java_re" with MS VC++ 10.0 (VS2010)

time: Wed Dec 28 05:45:33 2016
elapsed time: 0 seconds (0d 0h 0m 0s)

